# //  ModelSim SE-64 10.6d Feb 24 2018
# //
# //  Copyright 1991-2018 Mentor Graphics Corporation
# //  All Rights Reserved.
# //
# //  ModelSim SE-64 and its associated documentation contain trade
# //  secrets and commercial or financial information that are the property of
# //  Mentor Graphics Corporation and are privileged, confidential,
# //  and exempt from disclosure under the Freedom of Information Act,
# //  5 U.S.C. Section 552. Furthermore, this information
# //  is prohibited from disclosure under the Trade Secrets Act,
# //  18 U.S.C. Section 1905.
# //
# do {test_tb_simulate.do}
# vsim -voptargs=""+acc"" -L xil_defaultlib -L unisims_ver -L unimacro_ver -L secureip -lib xil_defaultlib xil_defaultlib.test_tb xil_defaultlib.glbl 
# Start time: 15:52:01 on Oct 31,2025
# ** Note: (vsim-3813) Design is being optimized due to module recompilation...
# Loading work.test_tb(fast)
# Loading work.test(fast)
# Loading work.glbl(fast)
# 1
# 1
# .main_pane.wave.interior.cs.body.pw.wf
# .main_pane.structure.interior.cs.body.struct
# .main_pane.objects.interior.cs.body.tree
add wave -position insertpoint sim:/test_tb/u1_test/*
restart
# ** Note: (vsim-8009) Loading existing optimized design _opt
# Loading work.test_tb(fast)
# Loading work.test(fast)
# Loading work.glbl(fast)
run -all
# End time: 15:52:59 on Oct 31,2025, Elapsed time: 0:00:58
# Errors: 0, Warnings: 0
