# do {multichannel_tb_compile.do}
# ** Warning: (vlib-34) Library already exists at "modelsim_lib/work".
# ** Warning: (vlib-34) Library already exists at "modelsim_lib/msim".
# ** Warning: (vlib-34) Library already exists at "modelsim_lib/msim/xil_defaultlib".
# Model Technology ModelSim SE-64 vmap 10.6d Lib Mapping Utility 2018.02 Feb 24 2018
# vmap xil_defaultlib modelsim_lib/msim/xil_defaultlib 
# Modifying modelsim.ini
# ** Warning: (vlog-159) Mode option -64 is not supported in this context and will be ignored.
# Model Technology ModelSim SE-64 vlog 10.6d Compiler 2018.02 Feb 24 2018
# Start time: 16:28:43 on Nov 13,2025
# vlog -64 -incr -work xil_defaultlib ../../../../../ip/ram_chanel/sim/ram_chanel.v ../../../../../src/multichannel.v ../../../../../src/ram_mem.v 
# -- Skipping module ram_chanel
# -- Skipping module multichannel
# -- Skipping module ram_mem
# 
# Top level modules:
# 	multichannel
# End time: 16:28:43 on Nov 13,2025, Elapsed time: 0:00:00
# Errors: 0, Warnings: 1
# ** Warning: (vlog-159) Mode option -64 is not supported in this context and will be ignored.
# Model Technology ModelSim SE-64 vlog 10.6d Compiler 2018.02 Feb 24 2018
# Start time: 16:28:43 on Nov 13,2025
# vlog -64 -incr -sv -work xil_defaultlib ../../../../../src/adc_data.sv 
# -- Skipping module adc_data
# 
# Top level modules:
# 	adc_data
# End time: 16:28:43 on Nov 13,2025, Elapsed time: 0:00:00
# Errors: 0, Warnings: 1
# ** Warning: (vlog-159) Mode option -64 is not supported in this context and will be ignored.
# Model Technology ModelSim SE-64 vlog 10.6d Compiler 2018.02 Feb 24 2018
# Start time: 16:28:43 on Nov 13,2025
# vlog -64 -incr -work xil_defaultlib ../../../../../sim/multichannel_tb.v 
# -- Skipping module multichannel_tb
# 
# Top level modules:
# 	multichannel_tb
# End time: 16:28:43 on Nov 13,2025, Elapsed time: 0:00:00
# Errors: 0, Warnings: 1
# Model Technology ModelSim SE-64 vlog 10.6d Compiler 2018.02 Feb 24 2018
# Start time: 16:28:43 on Nov 13,2025
# vlog -work xil_defaultlib glbl.v 
# -- Compiling module glbl
# 
# Top level modules:
# 	glbl
# End time: 16:28:43 on Nov 13,2025, Elapsed time: 0:00:00
# Errors: 0, Warnings: 0
