#-----------------------------------------------------------
# Vivado v2018.3 (64-bit)
# SW Build 2405991 on Thu Dec  6 23:38:27 MST 2018
# IP Build 2404404 on Fri Dec  7 01:43:56 MST 2018
# Start of session at: Mon Oct 14 19:03:54 2024
# Process ID: 2528
# Current directory: D:/Users/BCKL/Desktop/FILE/Stereo_camera/lesson/lesson0/prj
# Command line: vivado.exe -gui_launcher_event rodinguilauncherevent15320 D:\Users\BCKL\Desktop\FILE\Stereo_camera\lesson\lesson0\prj\prj.xpr
# Log file: D:/Users/BCKL/Desktop/FILE/Stereo_camera/lesson/lesson0/prj/vivado.log
# Journal file: D:/Users/BCKL/Desktop/FILE/Stereo_camera/lesson/lesson0/prj\vivado.jou
#-----------------------------------------------------------
start_gui
open_project D:/Users/BCKL/Desktop/FILE/Stereo_camera/lesson/lesson0/prj/prj.xpr
INFO: [Project 1-313] Project file moved from 'F:/lesson/lesson1/prj' since last save.
Scanning sources...
Finished scanning sources
INFO: [Project 1-230] Project 'prj.xpr' upgraded for this version of Vivado.
INFO: [IP_Flow 19-234] Refreshing IP repositories
INFO: [IP_Flow 19-1704] No user IP repositories specified
INFO: [IP_Flow 19-2313] Loaded Vivado IP repository 'E:/Vivado/Vivado/2018.3/data/ip'.
open_project: Time (s): cpu = 00:00:04 ; elapsed = 00:00:08 . Memory (MB): peak = 870.902 ; gain = 194.172
launch_simulation -install_path E:/Modelsim/win64
INFO: [Vivado 12-5682] Launching behavioral simulation in 'D:/Users/BCKL/Desktop/FILE/Stereo_camera/lesson/lesson0/prj/prj.sim/sim_1/behav/modelsim'
INFO: [USF-ModelSim-47] Finding simulator installation...
INFO: [USF-ModelSim-50] Using simulator executables from 'E:/Modelsim/win64/vsim.exe'
INFO: [SIM-utils-51] Simulation object is 'sim_1'
INFO: [USF-modelsim-7] Finding pre-compiled libraries...
INFO: [SIM-utils-54] Inspecting design source files for 'tb' in fileset 'sim_1'...
INFO: [USF-ModelSim-107] Finding global include files...
INFO: [USF-ModelSim-108] Finding include directories and verilog header directory paths...
INFO: [USF-ModelSim-109] Fetching design files from 'sim_1'...
INFO: [USF-ModelSim-2] ModelSim::Compile design
INFO: [USF-ModelSim-15] Creating automatic 'do' files...
INFO: [USF-ModelSim-69] Executing 'COMPILE and ANALYZE' step in 'D:/Users/BCKL/Desktop/FILE/Stereo_camera/lesson/lesson0/prj/prj.sim/sim_1/behav/modelsim'
Reading E:/Modelsim/tcl/vsim/pref.tcl

# 10.4

# do {tb_compile.do}
# ** Warning: (vlib-34) Library already exists at "modelsim_lib/work".
# 
# ** Warning: (vlib-34) Library already exists at "modelsim_lib/msim".
# 
# ** Warning: (vlib-34) Library already exists at "modelsim_lib/msim/xil_defaultlib".
# 
# Model Technology ModelSim SE-64 vmap 10.4 Lib Mapping Utility 2014.12 Dec  3 2014
# vmap xil_defaultlib modelsim_lib/msim/xil_defaultlib 
# Modifying modelsim.ini
# Model Technology ModelSim SE-64 vlog 10.4 Compiler 2014.12 Dec  3 2014
# Start time: 19:33:55 on Oct 14,2024
# vlog -64 -incr -work xil_defaultlib ../../../../../sim/img_gen.v ../../../../../sim/tb.v 
# -- Compiling module img_gen
# -- Compiling module tb
# 
# Top level modules:
# 	tb
# End time: 19:33:55 on Oct 14,2024, Elapsed time: 0:00:00
# Errors: 0, Warnings: 0
# Model Technology ModelSim SE-64 vlog 10.4 Compiler 2014.12 Dec  3 2014
# Start time: 19:33:55 on Oct 14,2024
# vlog -work xil_defaultlib glbl.v 
# -- Compiling module glbl
# 
# Top level modules:
# 	glbl
# End time: 19:33:55 on Oct 14,2024, Elapsed time: 0:00:00
# Errors: 0, Warnings: 0
INFO: [USF-ModelSim-69] 'compile' step finished in '3' seconds
INFO: [USF-ModelSim-4] ModelSim::Simulate design
INFO: [USF-ModelSim-69] Executing 'SIMULATE' step in 'D:/Users/BCKL/Desktop/FILE/Stereo_camera/lesson/lesson0/prj/prj.sim/sim_1/behav/modelsim'
Program launched (PID=13468)
launch_simulation -install_path E:/Modelsim/win64
INFO: [Vivado 12-5682] Launching behavioral simulation in 'D:/Users/BCKL/Desktop/FILE/Stereo_camera/lesson/lesson0/prj/prj.sim/sim_1/behav/modelsim'
INFO: [USF-ModelSim-47] Finding simulator installation...
INFO: [USF-ModelSim-50] Using simulator executables from 'E:/Modelsim/win64/vsim.exe'
INFO: [SIM-utils-51] Simulation object is 'sim_1'
INFO: [USF-modelsim-7] Finding pre-compiled libraries...
INFO: [SIM-utils-54] Inspecting design source files for 'tb' in fileset 'sim_1'...
INFO: [USF-ModelSim-107] Finding global include files...
INFO: [USF-ModelSim-108] Finding include directories and verilog header directory paths...
INFO: [USF-ModelSim-109] Fetching design files from 'sim_1'...
INFO: [USF-ModelSim-2] ModelSim::Compile design
INFO: [USF-ModelSim-15] Creating automatic 'do' files...
INFO: [USF-ModelSim-69] Executing 'COMPILE and ANALYZE' step in 'D:/Users/BCKL/Desktop/FILE/Stereo_camera/lesson/lesson0/prj/prj.sim/sim_1/behav/modelsim'
Reading E:/Modelsim/tcl/vsim/pref.tcl

# 10.4

# do {tb_compile.do}
# ** Warning: (vlib-34) Library already exists at "modelsim_lib/work".
# 
# ** Warning: (vlib-34) Library already exists at "modelsim_lib/msim".
# 
# ** Warning: (vlib-34) Library already exists at "modelsim_lib/msim/xil_defaultlib".
# 
# Model Technology ModelSim SE-64 vmap 10.4 Lib Mapping Utility 2014.12 Dec  3 2014
# vmap xil_defaultlib modelsim_lib/msim/xil_defaultlib 
# Modifying modelsim.ini
# Model Technology ModelSim SE-64 vlog 10.4 Compiler 2014.12 Dec  3 2014
# Start time: 19:51:29 on Oct 14,2024
# vlog -64 -incr -work xil_defaultlib ../../../../../sim/img_gen.v ../../../../../sim/tb.v 
# -- Skipping module img_gen
# -- Compiling module tb
# 
# Top level modules:
# 	tb
# End time: 19:51:29 on Oct 14,2024, Elapsed time: 0:00:00
# Errors: 0, Warnings: 0
# Model Technology ModelSim SE-64 vlog 10.4 Compiler 2014.12 Dec  3 2014
# Start time: 19:51:29 on Oct 14,2024
# vlog -work xil_defaultlib glbl.v 
# -- Compiling module glbl
# 
# Top level modules:
# 	glbl
# End time: 19:51:29 on Oct 14,2024, Elapsed time: 0:00:00
# Errors: 0, Warnings: 0
INFO: [USF-ModelSim-69] 'compile' step finished in '2' seconds
INFO: [USF-ModelSim-4] ModelSim::Simulate design
INFO: [USF-ModelSim-69] Executing 'SIMULATE' step in 'D:/Users/BCKL/Desktop/FILE/Stereo_camera/lesson/lesson0/prj/prj.sim/sim_1/behav/modelsim'
Program launched (PID=7576)
launch_simulation -install_path E:/Modelsim/win64
INFO: [Vivado 12-5682] Launching behavioral simulation in 'D:/Users/BCKL/Desktop/FILE/Stereo_camera/lesson/lesson0/prj/prj.sim/sim_1/behav/modelsim'
INFO: [USF-ModelSim-47] Finding simulator installation...
INFO: [USF-ModelSim-50] Using simulator executables from 'E:/Modelsim/win64/vsim.exe'
INFO: [SIM-utils-51] Simulation object is 'sim_1'
INFO: [USF-modelsim-7] Finding pre-compiled libraries...
INFO: [SIM-utils-54] Inspecting design source files for 'tb' in fileset 'sim_1'...
INFO: [USF-ModelSim-107] Finding global include files...
INFO: [USF-ModelSim-108] Finding include directories and verilog header directory paths...
INFO: [USF-ModelSim-109] Fetching design files from 'sim_1'...
INFO: [USF-ModelSim-2] ModelSim::Compile design
INFO: [USF-ModelSim-15] Creating automatic 'do' files...
INFO: [USF-ModelSim-69] Executing 'COMPILE and ANALYZE' step in 'D:/Users/BCKL/Desktop/FILE/Stereo_camera/lesson/lesson0/prj/prj.sim/sim_1/behav/modelsim'
Reading E:/Modelsim/tcl/vsim/pref.tcl

# 10.4

# do {tb_compile.do}
# ** Warning: (vlib-34) Library already exists at "modelsim_lib/work".
# 
# ** Warning: (vlib-34) Library already exists at "modelsim_lib/msim".
# 
# ** Warning: (vlib-34) Library already exists at "modelsim_lib/msim/xil_defaultlib".
# 
# Model Technology ModelSim SE-64 vmap 10.4 Lib Mapping Utility 2014.12 Dec  3 2014
# vmap xil_defaultlib modelsim_lib/msim/xil_defaultlib 
# Modifying modelsim.ini
# Model Technology ModelSim SE-64 vlog 10.4 Compiler 2014.12 Dec  3 2014
# Start time: 20:02:09 on Oct 14,2024
# vlog -64 -incr -work xil_defaultlib ../../../../../sim/img_gen.v ../../../../../sim/tb.v 
# -- Skipping module img_gen
# -- Skipping module tb
# 
# Top level modules:
# 	tb
# End time: 20:02:09 on Oct 14,2024, Elapsed time: 0:00:00
# Errors: 0, Warnings: 0
# Model Technology ModelSim SE-64 vlog 10.4 Compiler 2014.12 Dec  3 2014
# Start time: 20:02:09 on Oct 14,2024
# vlog -work xil_defaultlib glbl.v 
# -- Compiling module glbl
# 
# Top level modules:
# 	glbl
# End time: 20:02:09 on Oct 14,2024, Elapsed time: 0:00:00
# Errors: 0, Warnings: 0
INFO: [USF-ModelSim-69] 'compile' step finished in '2' seconds
INFO: [USF-ModelSim-4] ModelSim::Simulate design
INFO: [USF-ModelSim-69] Executing 'SIMULATE' step in 'D:/Users/BCKL/Desktop/FILE/Stereo_camera/lesson/lesson0/prj/prj.sim/sim_1/behav/modelsim'
Program launched (PID=23244)
launch_simulation -install_path E:/Modelsim/win64
INFO: [Vivado 12-5682] Launching behavioral simulation in 'D:/Users/BCKL/Desktop/FILE/Stereo_camera/lesson/lesson0/prj/prj.sim/sim_1/behav/modelsim'
INFO: [USF-ModelSim-47] Finding simulator installation...
INFO: [USF-ModelSim-50] Using simulator executables from 'E:/Modelsim/win64/vsim.exe'
INFO: [SIM-utils-51] Simulation object is 'sim_1'
INFO: [USF-modelsim-7] Finding pre-compiled libraries...
INFO: [SIM-utils-54] Inspecting design source files for 'tb' in fileset 'sim_1'...
INFO: [USF-ModelSim-107] Finding global include files...
INFO: [USF-ModelSim-108] Finding include directories and verilog header directory paths...
INFO: [USF-ModelSim-109] Fetching design files from 'sim_1'...
INFO: [USF-ModelSim-2] ModelSim::Compile design
INFO: [USF-ModelSim-15] Creating automatic 'do' files...
INFO: [USF-ModelSim-69] Executing 'COMPILE and ANALYZE' step in 'D:/Users/BCKL/Desktop/FILE/Stereo_camera/lesson/lesson0/prj/prj.sim/sim_1/behav/modelsim'
Reading E:/Modelsim/tcl/vsim/pref.tcl

# 10.4

# do {tb_compile.do}
# ** Warning: (vlib-34) Library already exists at "modelsim_lib/work".
# 
# ** Warning: (vlib-34) Library already exists at "modelsim_lib/msim".
# 
# ** Warning: (vlib-34) Library already exists at "modelsim_lib/msim/xil_defaultlib".
# 
# Model Technology ModelSim SE-64 vmap 10.4 Lib Mapping Utility 2014.12 Dec  3 2014
# vmap xil_defaultlib modelsim_lib/msim/xil_defaultlib 
# Modifying modelsim.ini
# Model Technology ModelSim SE-64 vlog 10.4 Compiler 2014.12 Dec  3 2014
# Start time: 20:05:54 on Oct 14,2024
# vlog -64 -incr -work xil_defaultlib ../../../../../sim/img_gen.v ../../../../../sim/tb.v 
# -- Skipping module img_gen
# -- Skipping module tb
# 
# Top level modules:
# 	tb
# End time: 20:05:54 on Oct 14,2024, Elapsed time: 0:00:00
# Errors: 0, Warnings: 0
# Model Technology ModelSim SE-64 vlog 10.4 Compiler 2014.12 Dec  3 2014
# Start time: 20:05:54 on Oct 14,2024
# vlog -work xil_defaultlib glbl.v 
# -- Compiling module glbl
# 
# Top level modules:
# 	glbl
# End time: 20:05:54 on Oct 14,2024, Elapsed time: 0:00:00
# Errors: 0, Warnings: 0
INFO: [USF-ModelSim-69] 'compile' step finished in '2' seconds
INFO: [USF-ModelSim-4] ModelSim::Simulate design
INFO: [USF-ModelSim-69] Executing 'SIMULATE' step in 'D:/Users/BCKL/Desktop/FILE/Stereo_camera/lesson/lesson0/prj/prj.sim/sim_1/behav/modelsim'
Program launched (PID=25220)
launch_simulation -install_path E:/Modelsim/win64
INFO: [Vivado 12-5682] Launching behavioral simulation in 'D:/Users/BCKL/Desktop/FILE/Stereo_camera/lesson/lesson0/prj/prj.sim/sim_1/behav/modelsim'
INFO: [USF-ModelSim-47] Finding simulator installation...
INFO: [USF-ModelSim-50] Using simulator executables from 'E:/Modelsim/win64/vsim.exe'
INFO: [SIM-utils-51] Simulation object is 'sim_1'
INFO: [USF-modelsim-7] Finding pre-compiled libraries...
INFO: [SIM-utils-54] Inspecting design source files for 'tb' in fileset 'sim_1'...
INFO: [USF-ModelSim-107] Finding global include files...
INFO: [USF-ModelSim-108] Finding include directories and verilog header directory paths...
INFO: [USF-ModelSim-109] Fetching design files from 'sim_1'...
INFO: [USF-ModelSim-2] ModelSim::Compile design
INFO: [USF-ModelSim-15] Creating automatic 'do' files...
INFO: [USF-ModelSim-69] Executing 'COMPILE and ANALYZE' step in 'D:/Users/BCKL/Desktop/FILE/Stereo_camera/lesson/lesson0/prj/prj.sim/sim_1/behav/modelsim'
Reading E:/Modelsim/tcl/vsim/pref.tcl

# 10.4

# do {tb_compile.do}
# ** Warning: (vlib-34) Library already exists at "modelsim_lib/work".
# 
# ** Warning: (vlib-34) Library already exists at "modelsim_lib/msim".
# 
# ** Warning: (vlib-34) Library already exists at "modelsim_lib/msim/xil_defaultlib".
# 
# Model Technology ModelSim SE-64 vmap 10.4 Lib Mapping Utility 2014.12 Dec  3 2014
# vmap xil_defaultlib modelsim_lib/msim/xil_defaultlib 
# Modifying modelsim.ini
# Model Technology ModelSim SE-64 vlog 10.4 Compiler 2014.12 Dec  3 2014
# Start time: 20:08:30 on Oct 14,2024
# vlog -64 -incr -work xil_defaultlib ../../../../../sim/img_gen.v ../../../../../sim/tb.v 
# -- Skipping module img_gen
# -- Skipping module tb
# 
# Top level modules:
# 	tb
# End time: 20:08:30 on Oct 14,2024, Elapsed time: 0:00:00
# Errors: 0, Warnings: 0
# Model Technology ModelSim SE-64 vlog 10.4 Compiler 2014.12 Dec  3 2014
# Start time: 20:08:30 on Oct 14,2024
# vlog -work xil_defaultlib glbl.v 
# -- Compiling module glbl
# 
# Top level modules:
# 	glbl
# End time: 20:08:30 on Oct 14,2024, Elapsed time: 0:00:00
# Errors: 0, Warnings: 0
INFO: [USF-ModelSim-69] 'compile' step finished in '2' seconds
INFO: [USF-ModelSim-4] ModelSim::Simulate design
INFO: [USF-ModelSim-69] Executing 'SIMULATE' step in 'D:/Users/BCKL/Desktop/FILE/Stereo_camera/lesson/lesson0/prj/prj.sim/sim_1/behav/modelsim'
Program launched (PID=24280)
exit
INFO: [Common 17-206] Exiting Vivado at Mon Oct 14 20:25:31 2024...
