# do {tb_compile.do}
# ** Warning: (vlib-34) Library already exists at "modelsim_lib/work".
# ** Warning: (vlib-34) Library already exists at "modelsim_lib/msim".
# ** Warning: (vlib-34) Library already exists at "modelsim_lib/msim/xil_defaultlib".
# Model Technology ModelSim SE-64 vmap 10.5 Lib Mapping Utility 2016.02 Feb 13 2016
# vmap xil_defaultlib modelsim_lib/msim/xil_defaultlib 
# Modifying modelsim.ini
# ** Warning: (vlog-159) Mode option -64 is not supported in this context and will be ignored.
# Model Technology ModelSim SE-64 vlog 10.5 Compiler 2016.02 Feb 13 2016
# Start time: 21:39:20 on Apr 13,2025
# vlog -64 -incr -work xil_defaultlib "+incdir+../../../../../ip/clk_global" "+incdir+../../../../../ip/clk_vga" ../../../../../ip/clk_vga/clk_vga_clk_wiz.v ../../../../../ip/clk_vga/clk_vga.v ../../../../../ip/clk_global/clk_global_clk_wiz.v ../../../../../ip/clk_global/clk_global.v ../../../../../src/clk_test.v ../../../../../sim/tb.v 
# -- Compiling module clk_vga_clk_wiz
# -- Compiling module clk_vga
# -- Compiling module clk_global_clk_wiz
# -- Compiling module clk_global
# -- Compiling module clk_test
# -- Compiling module tb
# 
# Top level modules:
# 	tb
# End time: 21:39:20 on Apr 13,2025, Elapsed time: 0:00:00
# Errors: 0, Warnings: 1
# Model Technology ModelSim SE-64 vlog 10.5 Compiler 2016.02 Feb 13 2016
# Start time: 21:39:21 on Apr 13,2025
# vlog -work xil_defaultlib glbl.v 
# -- Compiling module glbl
# 
# Top level modules:
# 	glbl
# End time: 21:39:21 on Apr 13,2025, Elapsed time: 0:00:00
# Errors: 0, Warnings: 0
