# //  ModelSim SE-64 10.5 Feb 13 2016 
# //
# //  Copyright 1991-2016 Mentor Graphics Corporation
# //  All Rights Reserved.
# //
# //  ModelSim SE-64 and its associated documentation contain trade
# //  secrets and commercial or financial information that are the property of
# //  Mentor Graphics Corporation and are privileged, confidential,
# //  and exempt from disclosure under the Freedom of Information Act,
# //  5 U.S.C. Section 552. Furthermore, this information
# //  is prohibited from disclosure under the Trade Secrets Act,
# //  18 U.S.C. Section 1905.
# //
# do {tb_simulate.do}
# vsim -voptargs=""+acc"" -L xil_defaultlib -L unisims_ver -L unimacro_ver -L secureip -L xpm -lib xil_defaultlib xil_defaultlib.tb xil_defaultlib.glbl 
# Start time: 21:39:27 on Apr 13,2025
# ** Note: (vsim-3812) Design is being optimized...
# Loading work.tb(fast)
# Loading work.clk_test(fast)
# Loading work.clk_global(fast)
# Loading work.clk_global_clk_wiz(fast)
# Loading unisims_ver.IBUF(fast)
# Loading unisims_ver.MMCME2_ADV(fast)
# Loading unisims_ver.BUFG(fast)
# Loading work.clk_vga(fast)
# Loading work.clk_vga_clk_wiz(fast)
# Loading unisims_ver.MMCME2_ADV(fast__1)
# Loading work.glbl(fast)
# 1
# 1
# .main_pane.wave.interior.cs.body.pw.wf
# .main_pane.structure.interior.cs.body.struct
# .main_pane.objects.interior.cs.body.tree
add wave -position insertpoint /tb/u1_clk_test/clk_out1
add wave -position insertpoint /tb/u1_clk_test/clk_out2
add wave -position insertpoint /tb/u1_clk_test/clk_out3
add wave -position insertpoint /tb/u1_clk_test/clk_out4
add wave -position insertpoint /tb/u1_clk_test/clk_out5
add wave -position insertpoint /tb/u1_clk_test/clk_out6
add wave -position insertpoint /tb/u1_clk_test/clk_out7
add wave -position insertpoint /tb/u1_clk_test/locked1
add wave -position insertpoint /tb/u1_clk_test/clk_148p5M
add wave -position insertpoint /tb/u1_clk_test/locked2
restart
# ** Note: (vsim-8009) Loading existing optimized design _opt1
# Loading work.tb(fast)
# Loading work.clk_test(fast)
# Loading work.clk_global(fast)
# Loading work.clk_global_clk_wiz(fast)
# Loading unisims_ver.IBUF(fast)
# Loading unisims_ver.MMCME2_ADV(fast)
# Loading unisims_ver.BUFG(fast)
# Loading work.clk_vga(fast)
# Loading work.clk_vga_clk_wiz(fast)
# Loading unisims_ver.MMCME2_ADV(fast__1)
# Loading work.glbl(fast)
run -all
# End time: 21:40:20 on Apr 13,2025, Elapsed time: 0:00:53
# Errors: 0, Warnings: 0
