# do {tb_compile.do}
# ** Warning: (vlib-34) Library already exists at "modelsim_lib/work".
# ** Warning: (vlib-34) Library already exists at "modelsim_lib/msim".
# ** Warning: (vlib-34) Library already exists at "modelsim_lib/msim/xil_defaultlib".
# Model Technology ModelSim SE-64 vmap 10.6d Lib Mapping Utility 2018.02 Feb 24 2018
# vmap xil_defaultlib modelsim_lib/msim/xil_defaultlib 
# Modifying modelsim.ini
# ** Warning: (vlog-159) Mode option -64 is not supported in this context and will be ignored.
# Model Technology ModelSim SE-64 vlog 10.6d Compiler 2018.02 Feb 24 2018
# Start time: 13:43:17 on Nov 21,2025
# vlog -64 -incr -work xil_defaultlib "+incdir+../../../../../ip/clk_global" ../../../../../ip/fifo_ch0/sim/fifo_ch0.v ../../../../../ip/clk_global/clk_global_clk_wiz.v ../../../../../ip/clk_global/clk_global.v ../../../../../src/pp_fifo.v ../../../../../src/top.v ../../../../../sim/tb.v 
# -- Compiling module fifo_ch0
# -- Compiling module clk_global_clk_wiz
# -- Compiling module clk_global
# -- Compiling module pp_fifo
# -- Compiling module top
# -- Compiling module tb
# 
# Top level modules:
# 	tb
# End time: 13:43:17 on Nov 21,2025, Elapsed time: 0:00:00
# Errors: 0, Warnings: 1
# Model Technology ModelSim SE-64 vlog 10.6d Compiler 2018.02 Feb 24 2018
# Start time: 13:43:17 on Nov 21,2025
# vlog -work xil_defaultlib glbl.v 
# -- Compiling module glbl
# 
# Top level modules:
# 	glbl
# End time: 13:43:17 on Nov 21,2025, Elapsed time: 0:00:00
# Errors: 0, Warnings: 0
